2024-10-19T01:39:15+00:00 INFO Trying to create one_cc_address_sync_cron
2024-10-19T01:39:15+00:00 INFO Failed to create one_cc_address_sync_cron as invalid one cc merchant
2024-10-19T01:39:15+00:00 INFO Attempting to delete one_cc_address_sync_cron, status: cancelled, message: invalid_1cc_merchant
2024-10-19T01:39:15+00:00 INFO Deleted one_cc_address_sync_cron  if exists
2024-10-19T01:39:15+00:00 INFO updateAddressSyncCronData: status=cancelled, message=invalid_1cc_merchant, cronStatus=deleted
2024-10-19T01:39:15+00:00 INFO create one_cc_plugin_sync_cron successful
2024-10-19T01:50:09+00:00 INFO Trying to create one_cc_address_sync_cron
2024-10-19T01:50:09+00:00 INFO Failed to create one_cc_address_sync_cron as invalid one cc merchant
2024-10-19T01:50:09+00:00 INFO Attempting to delete one_cc_address_sync_cron, status: cancelled, message: invalid_1cc_merchant
2024-10-19T01:50:09+00:00 INFO Deleted one_cc_address_sync_cron  if exists
2024-10-19T01:50:09+00:00 INFO updateAddressSyncCronData: status=cancelled, message=invalid_1cc_merchant, cronStatus=deleted
2024-10-19T01:50:09+00:00 INFO create one_cc_plugin_sync_cron successful
2024-10-19T01:54:31+00:00 INFO Trying to create one_cc_address_sync_cron
2024-10-19T01:54:31+00:00 INFO Failed to create one_cc_address_sync_cron as invalid one cc merchant
2024-10-19T01:54:31+00:00 INFO Attempting to delete one_cc_address_sync_cron, status: cancelled, message: invalid_1cc_merchant
2024-10-19T01:54:31+00:00 INFO Deleted one_cc_address_sync_cron  if exists
2024-10-19T01:54:31+00:00 INFO updateAddressSyncCronData: status=cancelled, message=invalid_1cc_merchant, cronStatus=deleted
2024-10-19T01:54:31+00:00 INFO create one_cc_plugin_sync_cron successful
2024-10-19T01:59:37+00:00 INFO Trying to create one_cc_address_sync_cron
2024-10-19T01:59:37+00:00 INFO Failed to create one_cc_address_sync_cron as invalid one cc merchant
2024-10-19T01:59:37+00:00 INFO Attempting to delete one_cc_address_sync_cron, status: cancelled, message: invalid_1cc_merchant
2024-10-19T01:59:37+00:00 INFO Deleted one_cc_address_sync_cron  if exists
2024-10-19T01:59:37+00:00 INFO updateAddressSyncCronData: status=cancelled, message=invalid_1cc_merchant, cronStatus=deleted
2024-10-19T01:59:37+00:00 INFO create one_cc_plugin_sync_cron successful
2024-10-19T02:02:27+00:00 INFO Trying to create one_cc_address_sync_cron
2024-10-19T02:02:27+00:00 INFO Failed to create one_cc_address_sync_cron as invalid one cc merchant
2024-10-19T02:02:27+00:00 INFO Attempting to delete one_cc_address_sync_cron, status: cancelled, message: invalid_1cc_merchant
2024-10-19T02:02:27+00:00 INFO Deleted one_cc_address_sync_cron  if exists
2024-10-19T02:02:27+00:00 INFO updateAddressSyncCronData: status=cancelled, message=invalid_1cc_merchant, cronStatus=deleted
2024-10-19T02:02:27+00:00 INFO create one_cc_plugin_sync_cron successful
2024-10-19T03:40:10+00:00 INFO Trying to create one_cc_address_sync_cron
2024-10-19T03:40:10+00:00 INFO Failed to create one_cc_address_sync_cron as invalid one cc merchant
2024-10-19T03:40:10+00:00 INFO Attempting to delete one_cc_address_sync_cron, status: cancelled, message: invalid_1cc_merchant
2024-10-19T03:40:10+00:00 INFO Deleted one_cc_address_sync_cron  if exists
2024-10-19T03:40:10+00:00 INFO updateAddressSyncCronData: status=cancelled, message=invalid_1cc_merchant, cronStatus=deleted
2024-10-19T03:40:10+00:00 INFO create one_cc_plugin_sync_cron successful
2024-10-19T03:54:54+00:00 INFO Trying to create one_cc_address_sync_cron
2024-10-19T03:54:54+00:00 INFO Failed to create one_cc_address_sync_cron as invalid one cc merchant
2024-10-19T03:54:54+00:00 INFO Attempting to delete one_cc_address_sync_cron, status: cancelled, message: invalid_1cc_merchant
2024-10-19T03:54:54+00:00 INFO Deleted one_cc_address_sync_cron  if exists
2024-10-19T03:54:54+00:00 INFO updateAddressSyncCronData: status=cancelled, message=invalid_1cc_merchant, cronStatus=deleted
2024-10-19T03:54:54+00:00 INFO create one_cc_plugin_sync_cron successful
2024-10-19T03:58:08+00:00 INFO Trying to create one_cc_address_sync_cron
2024-10-19T03:58:08+00:00 INFO Failed to create one_cc_address_sync_cron as invalid one cc merchant
2024-10-19T03:58:08+00:00 INFO Attempting to delete one_cc_address_sync_cron, status: cancelled, message: invalid_1cc_merchant
2024-10-19T03:58:08+00:00 INFO Deleted one_cc_address_sync_cron  if exists
2024-10-19T03:58:08+00:00 INFO updateAddressSyncCronData: status=cancelled, message=invalid_1cc_merchant, cronStatus=deleted
2024-10-19T03:58:08+00:00 INFO create one_cc_plugin_sync_cron successful
2024-10-19T11:15:27+00:00 INFO Trying to create one_cc_address_sync_cron
2024-10-19T11:15:27+00:00 INFO Failed to create one_cc_address_sync_cron as invalid one cc merchant
2024-10-19T11:15:27+00:00 INFO Attempting to delete one_cc_address_sync_cron, status: cancelled, message: invalid_1cc_merchant
2024-10-19T11:15:27+00:00 INFO Deleted one_cc_address_sync_cron  if exists
2024-10-19T11:15:27+00:00 INFO updateAddressSyncCronData: status=cancelled, message=invalid_1cc_merchant, cronStatus=deleted
2024-10-19T11:15:27+00:00 INFO create one_cc_plugin_sync_cron successful
2024-10-19T12:03:59+00:00 INFO Trying to create one_cc_address_sync_cron
2024-10-19T12:03:59+00:00 INFO Failed to create one_cc_address_sync_cron as invalid one cc merchant
2024-10-19T12:03:59+00:00 INFO Attempting to delete one_cc_address_sync_cron, status: cancelled, message: invalid_1cc_merchant
2024-10-19T12:03:59+00:00 INFO Deleted one_cc_address_sync_cron  if exists
2024-10-19T12:03:59+00:00 INFO updateAddressSyncCronData: status=cancelled, message=invalid_1cc_merchant, cronStatus=deleted
2024-10-19T12:03:59+00:00 INFO create one_cc_plugin_sync_cron successful
